Cd8a_pri_3	Ccr4_pri_2	100.000	10	0	0	16	25	27	18	0.46	20.3
Cd3d_pri_1	Cd3e_pad_2	100.000	11	0	0	22	32	11	1	0.12	22.3
Cd3d_pri_2	Cd3e_pad_2	100.000	11	0	0	21	31	11	1	0.11	22.3
Cd3d_pri_3	Cd3e_pad_2	100.000	11	0	0	21	31	11	1	0.11	22.3
Cd3d_pri_4	Cd3e_pad_2	100.000	11	0	0	21	31	11	1	0.11	22.3
Cd3d_pri_5	Cd3e_pad_2	100.000	11	0	0	22	32	11	1	0.12	22.3
Cd3d_pri_5	Cd3d_pad_6	100.000	10	0	0	17	26	10	1	0.46	20.3
Cd3d_pri_6	Cd3e_pad_2	100.000	11	0	0	22	32	11	1	0.12	22.3
Cd3d_pri_6	Bcl11b_pad_1	100.000	10	0	0	4	13	23	14	0.46	20.3
Lef1_pri_1	Cd4_pad_1	100.000	10	0	0	1	10	26	17	0.48	20.3
Lef1_pri_5	Ccr4_pad_6	100.000	10	0	0	15	24	32	23	0.46	20.3
Cd44_pri_1	Cd19_pri_1	100.000	10	0	0	21	30	21	12	0.52	20.3
Il2ra_pri_1	Irf8_pad_6	100.000	11	0	0	9	19	11	1	0.11	22.3
Il2ra_pri_1	Cd86_pad_6	100.000	10	0	0	7	16	43	34	0.44	20.3
Il2ra_pri_1	Cd86_pad_5	100.000	10	0	0	7	16	46	37	0.44	20.3
Il2ra_pri_1	Cd86_pad_4	100.000	10	0	0	7	16	40	31	0.44	20.3
Il2ra_pri_1	Cd86_pad_3	100.000	10	0	0	7	16	44	35	0.44	20.3
Il2ra_pri_1	Cd86_pad_2	100.000	10	0	0	7	16	41	32	0.44	20.3
Il2ra_pri_1	Cd86_pad_1	100.000	10	0	0	7	16	40	31	0.44	20.3
Il2ra_pri_1	Cd40_pri_3	100.000	10	0	0	9	18	22	13	0.44	20.3
Il2ra_pri_4	Cd83_pad_5	100.000	10	0	0	18	27	33	24	0.46	20.3
Il2ra_pri_6	Cd44_pad_6	100.000	11	0	0	16	26	48	38	0.12	22.3
Il2ra_pri_6	Cd44_pad_5	100.000	11	0	0	16	26	45	35	0.12	22.3
Il2ra_pri_6	Cd44_pad_4	100.000	11	0	0	16	26	45	35	0.12	22.3
Il2ra_pri_6	Cd44_pad_3	100.000	11	0	0	16	26	43	33	0.12	22.3
Il2ra_pri_6	Cd44_pad_2	100.000	11	0	0	16	26	44	34	0.12	22.3
Il2ra_pri_6	Cd44_pad_1	100.000	11	0	0	16	26	44	34	0.12	22.3
Kit_pri_6	Cd40_pri_3	100.000	11	0	0	8	18	12	2	0.13	22.3
Kit_pri_6	Cd40_pri_3	100.000	10	0	0	3	12	21	12	0.50	20.3
Cd28_pri_4	Irf8_pri_5	100.000	10	0	0	4	13	12	3	0.44	20.3
Cd3e_pri_1	Il4_pad_4	100.000	10	0	0	1	10	21	12	0.46	20.3
Cd3e_pri_4	Xcr1_pad_4	100.000	10	0	0	6	15	22	13	0.46	20.3
Cd3e_pri_6	Il7r_pri_2	100.000	12	0	0	17	28	20	9	0.028	24.3
Cd247_pri_5	Flt3_pri_5	100.000	11	0	0	10	20	18	8	0.13	22.3
Cd247_pri_5	Meis1_pri_6	100.000	11	0	0	20	30	25	15	0.13	22.3
Rag2_pri_3	Rag2_pad_4	100.000	11	0	0	17	27	11	1	0.12	22.3
Rag2_pri_3	Sell_pad_6	100.000	10	0	0	4	13	26	17	0.48	20.3
Rag2_pri_4	Rag2_pri_4	100.000	10	0	0	3	12	12	3	0.46	20.3
Rag2_pri_6	Bcl2_pri_1	92.857	14	1	0	21	34	34	21	0.54	20.3
Hes1_pri_3	Gata3_pri_4	100.000	10	0	0	10	19	22	13	0.46	20.3
Hes1_pri_6	Cd83_pri_6	100.000	11	0	0	14	24	21	11	0.12	22.3
Tcf7_pri_1	Xcr1_pad_1	100.000	12	0	0	1	12	17	6	0.028	24.3
Tcf7_pri_1	Tcf7_pad_4	100.000	10	0	0	16	25	10	1	0.44	20.3
Tcf7_pri_3	Tcf12_pad_2	100.000	10	0	0	1	10	19	10	0.46	20.3
Gata3_pri_1	Mef2c_pad_4	100.000	10	0	0	2	11	20	11	0.50	20.3
Gata3_pri_4	Hes1_pri_3	100.000	10	0	0	13	22	19	10	0.46	20.3
Gata3_pri_5	Gata3_pri_5	100.000	10	0	0	6	15	15	6	0.46	20.3
Gata3_pri_6	Tcf3_pri_5	100.000	10	0	0	17	26	29	20	0.44	20.3
Bcl11b_pri_1	Itgam_pad_4	100.000	10	0	0	23	32	32	23	0.48	20.3
Bcl11b_pri_1	Xcr1_pri_2	100.000	10	0	0	7	16	10	1	0.48	20.3
Bcl11b_pri_2	Itgam_pad_4	100.000	10	0	0	24	33	32	23	0.50	20.3
Bcl11b_pri_3	Itgam_pad_4	100.000	10	0	0	21	30	32	23	0.44	20.3
Bcl11b_pri_4	Itgam_pad_4	100.000	10	0	0	21	30	32	23	0.44	20.3
Bcl11b_pri_5	Itgam_pad_4	100.000	10	0	0	22	31	32	23	0.46	20.3
Bcl11b_pri_6	Itgam_pad_4	100.000	10	0	0	21	30	32	23	0.44	20.3
Ets1_pri_2	Ccl22_pri_2	100.000	11	0	0	7	17	18	8	0.12	22.3
Ets1_pri_6	Il4_pad_5	100.000	10	0	0	2	11	28	19	0.46	20.3
Lyl1_pri_5	Il4_pri_6	100.000	10	0	0	22	31	24	15	0.54	20.3
Lyl1_pri_6	Cd22_pri_3	100.000	12	0	0	1	12	18	7	0.034	24.3
Lyl1_pri_6	Tcf3_pad_6	100.000	11	0	0	17	27	44	34	0.13	22.3
Lyl1_pri_6	Tcf3_pad_5	100.000	11	0	0	17	27	42	32	0.13	22.3
Lyl1_pri_6	Tcf3_pad_4	100.000	11	0	0	17	27	43	33	0.13	22.3
Lyl1_pri_6	Tcf3_pad_3	100.000	11	0	0	17	27	45	35	0.13	22.3
Lyl1_pri_6	Tcf3_pad_2	100.000	11	0	0	17	27	44	34	0.13	22.3
Lyl1_pri_6	Tcf3_pad_1	100.000	11	0	0	17	27	44	34	0.13	22.3
Hhex_pri_1	Irf4_pad_6	100.000	10	0	0	3	12	41	32	0.50	20.3
Hhex_pri_1	Irf4_pad_5	100.000	10	0	0	3	12	42	33	0.50	20.3
Hhex_pri_1	Irf4_pad_4	100.000	10	0	0	3	12	41	32	0.50	20.3
Hhex_pri_1	Irf4_pad_3	100.000	10	0	0	3	12	42	33	0.50	20.3
Hhex_pri_1	Irf4_pad_2	100.000	10	0	0	3	12	44	35	0.50	20.3
Hhex_pri_1	Irf4_pad_1	100.000	10	0	0	3	12	41	32	0.50	20.3
Hhex_pri_2	Runx1_pad_4	100.000	11	0	0	19	29	15	5	0.12	22.3
Bcl11a_pri_1	Bcl11a_pad_2	100.000	10	0	0	16	25	10	1	0.44	20.3
Bcl11a_pri_1	Gata3_pad_4	100.000	10	0	0	7	16	31	22	0.44	20.3
Bcl11a_pri_5	Ccr4_pri_3	100.000	10	0	0	9	18	20	11	0.44	20.3
Hoxa9_pri_2	Lmo2_pri_3	100.000	10	0	0	8	17	16	7	0.50	20.3
Hoxa9_pri_3	Ccl25_pad_3	100.000	10	0	0	1	10	23	14	0.52	20.3
Mef2c_pri_1	Itgax_pad_4	100.000	10	0	0	16	25	19	10	0.48	20.3
Lmo2_pri_3	Hoxa9_pri_2	100.000	10	0	0	7	16	17	8	0.52	20.3
Lmo2_pri_6	Cd83_pri_2	100.000	13	0	0	4	16	18	6	0.008	26.3
Meis1_pri_1	Rag1_pad_6	100.000	10	0	0	9	18	12	3	0.48	20.3
Meis1_pri_2	Ifng_pad_1	100.000	12	0	0	12	23	15	4	0.029	24.3
Meis1_pri_3	Csf1r_pad_1	92.857	14	1	0	4	17	31	18	0.46	20.3
Meis1_pri_6	Cd247_pri_5	100.000	11	0	0	15	25	30	20	0.11	22.3
Tcf3_pri_5	Gata3_pri_6	100.000	10	0	0	20	29	26	17	0.54	20.3
Ikzf1_pri_3	Ikzf1_pri_3	100.000	10	0	0	4	13	13	4	0.46	20.3
Runx1_pri_1	Lmo2_pad_2	100.000	10	0	0	6	15	26	17	0.48	20.3
Tcf12_pri_6	Bcl11b_pad_3	100.000	10	0	0	3	12	23	14	0.50	20.3
Gfi1_pri_1	Foxp3_pad_2	100.000	10	0	0	16	25	23	14	0.46	20.3
Gfi1_pri_2	Bcl2_pad_2	92.857	14	1	0	4	17	24	11	0.44	20.3
Gfi1_pri_4	Flt3_pad_2	100.000	11	0	0	4	14	13	3	0.12	22.3
Cd4_pri_3	Tcf7_pad_2	100.000	11	0	0	7	17	12	2	0.12	22.3
Foxp3_pri_2	Cd79a_pad_2	100.000	12	0	0	3	14	21	10	0.028	24.3
Foxp3_pri_6	Rag2_pad_6	100.000	10	0	0	7	16	10	1	0.50	20.3
Ifng_pri_2	Lyz2_pri_2	100.000	10	0	0	14	23	28	19	0.50	20.3
Il4_pri_5	Csf1r_pad_3	100.000	10	0	0	11	20	10	1	0.44	20.3
Il4_pri_6	Lyl1_pri_5	100.000	10	0	0	15	24	31	22	0.44	20.3
Il17a_pri_3	Il17a_pad_5	100.000	10	0	0	13	22	18	9	0.46	20.3
Tbx21_pri_4	Cd79a_pad_2	100.000	11	0	0	3	13	24	14	0.13	22.3
Ccr7_pri_2	Ccr7_pri_2	88.889	18	2	0	7	24	24	7	0.48	20.3
Ccr7_pri_3	Ccr4_pad_2	100.000	10	0	0	18	27	31	22	0.50	20.3
Ccr7_pri_4	Ccr7_pad_2	100.000	10	0	0	16	25	10	1	0.44	20.3
Ccr7_pri_6	Lmo2_pad_6	100.000	10	0	0	1	10	19	10	0.50	20.3
Sell_pri_1	Il17a_pad_3	100.000	10	0	0	2	11	24	15	0.48	20.3
Sell_pri_5	Ms4a1_pri_2	100.000	11	0	0	6	16	18	8	0.14	22.3
Sell_pri_6	Pdcd1_pri_2	100.000	10	0	0	8	17	27	18	0.44	20.3
Adgre1_pri_5	H2-Aa_pad_2	100.000	12	0	0	20	31	34	23	0.034	24.3
Adgre1_pri_5	Cd79a_pad_5	100.000	12	0	0	20	31	33	22	0.034	24.3
Adgre1_pri_5	Bcl11b_pad_2	100.000	12	0	0	20	31	32	21	0.034	24.3
Adgre1_pri_5	Cd22_pad_3	100.000	11	0	0	20	30	34	24	0.13	22.3
Adgre1_pri_5	Cd28_pad_1	100.000	11	0	0	20	30	35	25	0.13	22.3
Adgre1_pri_5	Ms4a1_pad_6	100.000	10	0	0	20	29	36	27	0.52	20.3
Adgre1_pri_5	Gfi1_pad_6	100.000	10	0	0	20	29	36	27	0.52	20.3
Adgre1_pri_5	Cd8a_pad_4	100.000	10	0	0	20	29	32	23	0.52	20.3
Cd68_pri_1	Cd68_pri_1	100.000	16	0	0	13	28	28	13	1.15e-04	32.2
Cd68_pri_1	Cd68_pri_5	100.000	10	0	0	13	22	28	19	0.44	20.3
Cd68_pri_5	Cd68_pri_1	100.000	10	0	0	19	28	22	13	0.44	20.3
Csf1r_pri_1	Bcl11b_pad_1	100.000	10	0	0	4	13	20	11	0.44	20.3
Csf1r_pri_4	Ms4a1_pri_3	100.000	10	0	0	20	29	25	16	0.52	20.3
Lyz2_pri_1	Xcr1_pri_4	100.000	10	0	0	15	24	26	17	0.44	20.3
Lyz2_pri_2	Ifng_pri_2	100.000	10	0	0	19	28	23	14	0.46	20.3
Itgax_pri_2	Csf1r_pad_3	100.000	10	0	0	18	27	20	11	0.46	20.3
Itgax_pri_2	Il2ra_pad_6	100.000	10	0	0	8	17	45	36	0.46	20.3
Itgax_pri_2	Il2ra_pad_5	100.000	10	0	0	8	17	51	42	0.46	20.3
Itgax_pri_2	Il2ra_pad_4	100.000	10	0	0	8	17	45	36	0.46	20.3
Itgax_pri_2	Il2ra_pad_3	100.000	10	0	0	8	17	45	36	0.46	20.3
Itgax_pri_2	Il2ra_pad_2	100.000	10	0	0	8	17	50	41	0.46	20.3
Itgax_pri_2	Il2ra_pad_1	100.000	10	0	0	8	17	47	38	0.46	20.3
Itgax_pri_5	Itgax_pri_5	100.000	14	0	0	5	18	18	5	0.002	28.2
Itgam_pri_1	Tcf3_pad_3	100.000	12	0	0	11	22	21	10	0.029	24.3
Itgam_pri_2	Meis1_pad_1	100.000	10	0	0	11	20	18	9	0.48	20.3
Flt3_pri_3	Irf8_pad_6	100.000	10	0	0	6	15	38	29	0.50	20.3
Flt3_pri_3	Irf8_pad_5	100.000	10	0	0	6	15	38	29	0.50	20.3
Flt3_pri_3	Irf8_pad_4	100.000	10	0	0	6	15	41	32	0.50	20.3
Flt3_pri_3	Irf8_pad_3	100.000	10	0	0	6	15	40	31	0.50	20.3
Flt3_pri_3	Irf8_pad_2	100.000	10	0	0	6	15	38	29	0.50	20.3
Flt3_pri_3	Irf8_pad_1	100.000	10	0	0	6	15	41	32	0.50	20.3
Flt3_pri_3	Il17a_pad_4	100.000	10	0	0	6	15	14	5	0.50	20.3
Flt3_pri_5	Cd247_pri_5	100.000	11	0	0	8	18	20	10	0.12	22.3
Flt3_pri_6	Flt3_pad_3	100.000	10	0	0	18	27	10	1	0.48	20.3
Sirpa_pri_3	Cd19_pad_5	100.000	10	0	0	10	19	16	7	0.48	20.3
Sirpa_pri_4	Tcf7_pad_3	100.000	10	0	0	4	13	20	11	0.46	20.3
Sirpa_pri_4	Sirpa_pri_4	100.000	10	0	0	17	26	26	17	0.46	20.3
Cd19_pri_1	Cd44_pri_1	100.000	10	0	0	12	21	30	21	0.48	20.3
Cd79a_pri_2	Cd79a_pad_6	100.000	10	0	0	16	25	10	1	0.44	20.3
Cd79a_pri_4	Cd40_pri_3	100.000	10	0	0	7	16	14	5	0.46	20.3
Ms4a1_pri_2	Sell_pri_5	100.000	11	0	0	8	18	16	6	0.13	22.3
Ms4a1_pri_3	Csf1r_pri_4	100.000	10	0	0	16	25	29	20	0.44	20.3
Cd22_pri_3	Lyl1_pri_6	100.000	12	0	0	7	18	12	1	0.029	24.3
Cd22_pri_4	Itgax_pad_1	100.000	10	0	0	19	28	38	29	0.48	20.3
Cd22_pri_4	Ccl25_pri_6	100.000	10	0	0	21	30	28	19	0.48	20.3
Cd22_pri_4	Ccl25_pri_2	100.000	10	0	0	21	30	29	20	0.48	20.3
Cd22_pri_6	Cd22_pad_2	100.000	12	0	0	14	25	12	1	0.028	24.3
Cd22_pri_6	Cd22_pad_6	100.000	10	0	0	16	25	10	1	0.44	20.3
Bcl2_pri_1	H2-K1_pri_2	100.000	11	0	0	21	31	30	20	0.13	22.3
Bcl2_pri_1	H2-K1_pri_4	100.000	10	0	0	21	30	29	20	0.50	20.3
Bcl2_pri_1	H2-K1_pri_3	100.000	10	0	0	21	30	30	21	0.50	20.3
Bcl2_pri_1	H2-K1_pri_1	100.000	10	0	0	21	30	31	22	0.50	20.3
Bcl2_pri_1	Rag2_pri_6	92.857	14	1	0	21	34	34	21	0.50	20.3
Bcl2_pri_6	H2-K1_pri_2	100.000	10	0	0	20	29	29	20	0.46	20.3
Il7r_pri_1	H2-Aa_pri_5	100.000	10	0	0	20	29	30	21	0.46	20.3
Il7r_pri_1	H2-Aa_pri_3	100.000	10	0	0	20	29	31	22	0.46	20.3
Il7r_pri_1	H2-Aa_pri_2	100.000	10	0	0	20	29	31	22	0.46	20.3
Il7r_pri_2	Cd3e_pri_6	100.000	12	0	0	9	20	28	17	0.035	24.3
Il7r_pri_5	H2-Aa_pri_5	100.000	10	0	0	21	30	30	21	0.48	20.3
Il7r_pri_5	H2-Aa_pri_3	100.000	10	0	0	21	30	31	22	0.48	20.3
Il7r_pri_5	H2-Aa_pri_2	100.000	10	0	0	21	30	31	22	0.48	20.3
Il7r_pri_6	H2-Aa_pri_5	100.000	10	0	0	21	30	30	21	0.48	20.3
Il7r_pri_6	H2-Aa_pri_3	100.000	10	0	0	21	30	31	22	0.48	20.3
Il7r_pri_6	H2-Aa_pri_2	100.000	10	0	0	21	30	31	22	0.48	20.3
Pdcd1_pri_1	Pdcd1_pad_6	100.000	10	0	0	21	30	10	1	0.54	20.3
Pdcd1_pri_2	Sell_pri_6	100.000	10	0	0	18	27	17	8	0.52	20.3
Pdcd1_pri_6	Lmo2_pad_6	100.000	10	0	0	15	24	39	30	0.44	20.3
Pdcd1_pri_6	Lmo2_pad_5	100.000	10	0	0	15	24	38	29	0.44	20.3
Pdcd1_pri_6	Lmo2_pad_4	100.000	10	0	0	15	24	41	32	0.44	20.3
Pdcd1_pri_6	Lmo2_pad_3	100.000	10	0	0	15	24	38	29	0.44	20.3
Pdcd1_pri_6	Lmo2_pad_2	100.000	10	0	0	15	24	38	29	0.44	20.3
Pdcd1_pri_6	Lmo2_pad_1	100.000	10	0	0	15	24	41	32	0.44	20.3
Xcr1_pri_1	Ccr4_pri_2	100.000	12	0	0	19	30	31	20	0.031	24.3
Xcr1_pri_1	Ccr4_pri_6	100.000	11	0	0	19	29	30	20	0.12	22.3
Xcr1_pri_1	Ccr4_pri_5	100.000	11	0	0	19	29	30	20	0.12	22.3
Xcr1_pri_1	Ccr4_pri_4	100.000	11	0	0	19	29	31	21	0.12	22.3
Xcr1_pri_1	Ccr4_pri_3	100.000	11	0	0	19	29	31	21	0.12	22.3
Xcr1_pri_1	Ccr4_pri_1	100.000	11	0	0	19	29	32	22	0.12	22.3
Xcr1_pri_1	Cd86_pri_3	92.857	14	1	0	19	32	32	19	0.48	20.3
Xcr1_pri_2	Bcl11b_pri_1	100.000	10	0	0	1	10	16	7	0.48	20.3
Xcr1_pri_3	Ccr4_pri_2	100.000	10	0	0	19	28	29	20	0.44	20.3
Xcr1_pri_4	Lyz2_pri_1	100.000	10	0	0	17	26	24	15	0.44	20.3
Xcr1_pri_6	H2-Aa_pad_4	100.000	10	0	0	16	25	12	3	0.48	20.3
Irf8_pri_1	Cd86_pri_3	100.000	11	0	0	20	30	29	19	0.11	22.3
Irf8_pri_2	Cd86_pri_3	100.000	11	0	0	23	33	29	19	0.13	22.3
Irf8_pri_3	Cd86_pri_3	100.000	11	0	0	21	31	29	19	0.12	22.3
Irf8_pri_4	Cd86_pri_3	100.000	12	0	0	21	32	30	19	0.031	24.3
Irf8_pri_5	Cd86_pri_3	100.000	13	0	0	20	32	31	19	0.008	26.3
Irf8_pri_5	Cd86_pri_6	100.000	10	0	0	20	29	31	22	0.48	20.3
Irf8_pri_5	Cd86_pri_5	100.000	10	0	0	20	29	29	20	0.48	20.3
Irf8_pri_5	Cd86_pri_4	100.000	10	0	0	20	29	32	23	0.48	20.3
Irf8_pri_5	Cd86_pri_2	100.000	10	0	0	20	29	31	22	0.48	20.3
Irf8_pri_5	Cd86_pri_1	100.000	10	0	0	20	29	33	24	0.48	20.3
Irf8_pri_5	Cd28_pri_4	100.000	10	0	0	3	12	13	4	0.48	20.3
Irf8_pri_6	Cd86_pri_3	100.000	12	0	0	20	31	30	19	0.029	24.3
Irf4_pri_5	Irf4_pad_4	100.000	12	0	0	14	25	12	1	0.028	24.3
Irf4_pri_5	Irf4_pad_3	100.000	11	0	0	15	25	11	1	0.11	22.3
Irf4_pri_5	Il4_pad_1	100.000	10	0	0	6	15	17	8	0.44	20.3
Irf4_pri_6	Cd44_pad_1	100.000	11	0	0	7	17	30	20	0.13	22.3
H2-Aa_pri_2	Il7r_pri_6	100.000	10	0	0	22	31	30	21	0.50	20.3
H2-Aa_pri_2	Il7r_pri_5	100.000	10	0	0	22	31	30	21	0.50	20.3
H2-Aa_pri_2	Il7r_pri_1	100.000	10	0	0	22	31	29	20	0.50	20.3
H2-Aa_pri_3	Il7r_pri_6	100.000	10	0	0	22	31	30	21	0.50	20.3
H2-Aa_pri_3	Il7r_pri_5	100.000	10	0	0	22	31	30	21	0.50	20.3
H2-Aa_pri_3	Il7r_pri_1	100.000	10	0	0	22	31	29	20	0.50	20.3
H2-Aa_pri_5	Il7r_pri_6	100.000	10	0	0	21	30	30	21	0.48	20.3
H2-Aa_pri_5	Il7r_pri_5	100.000	10	0	0	21	30	30	21	0.48	20.3
H2-Aa_pri_5	Il7r_pri_1	100.000	10	0	0	21	30	29	20	0.48	20.3
Cd40_pri_1	Cd40_pri_1	100.000	14	0	0	10	23	23	10	0.002	28.2
Cd40_pri_1	Cd40_pri_1	100.000	12	0	0	19	30	30	19	0.033	24.3
Cd40_pri_3	Kit_pri_6	100.000	11	0	0	2	12	18	8	0.14	22.3
Cd40_pri_3	Kit_pri_6	100.000	10	0	0	12	21	12	3	0.54	20.3
Cd40_pri_3	Cd79a_pri_4	100.000	10	0	0	5	14	16	7	0.54	20.3
Cd40_pri_3	Il2ra_pri_1	100.000	10	0	0	13	22	18	9	0.54	20.3
Cd40_pri_4	Sirpa_pad_3	100.000	10	0	0	10	19	20	11	0.48	20.3
Cd40_pri_4	Gfi1_pad_5	100.000	10	0	0	2	11	15	6	0.48	20.3
Cd83_pri_2	Lmo2_pri_6	100.000	13	0	0	6	18	16	4	0.007	26.3
Cd83_pri_2	Ccr4_pri_1	100.000	11	0	0	16	26	28	18	0.12	22.3
Cd83_pri_6	Hes1_pri_6	100.000	11	0	0	11	21	24	14	0.12	22.3
Cd86_pri_1	Irf8_pri_5	100.000	10	0	0	24	33	29	20	0.52	20.3
Cd86_pri_2	Irf8_pri_5	100.000	10	0	0	22	31	29	20	0.48	20.3
Cd86_pri_3	Irf8_pri_5	100.000	13	0	0	19	31	32	20	0.008	26.3
Cd86_pri_3	Irf8_pri_6	100.000	12	0	0	19	30	31	20	0.031	24.3
Cd86_pri_3	Irf8_pri_4	100.000	12	0	0	19	30	32	21	0.031	24.3
Cd86_pri_3	Irf8_pri_3	100.000	11	0	0	19	29	31	21	0.12	22.3
Cd86_pri_3	Irf8_pri_2	100.000	11	0	0	19	29	33	23	0.12	22.3
Cd86_pri_3	Irf8_pri_1	100.000	11	0	0	19	29	30	20	0.12	22.3
Cd86_pri_3	Xcr1_pri_1	92.857	14	1	0	19	32	32	19	0.48	20.3
Cd86_pri_4	Irf8_pri_5	100.000	10	0	0	23	32	29	20	0.50	20.3
Cd86_pri_5	Irf8_pri_5	100.000	10	0	0	20	29	29	20	0.44	20.3
Cd86_pri_6	Irf8_pri_5	100.000	10	0	0	22	31	29	20	0.48	20.3
H2-K1_pri_1	Bcl2_pri_1	100.000	10	0	0	22	31	30	21	0.48	20.3
H2-K1_pri_2	Bcl2_pri_1	100.000	11	0	0	20	30	31	21	0.12	22.3
H2-K1_pri_2	Bcl2_pri_6	100.000	10	0	0	20	29	29	20	0.46	20.3
H2-K1_pri_3	Bcl2_pri_1	100.000	10	0	0	21	30	30	21	0.46	20.3
H2-K1_pri_4	Bcl2_pri_1	100.000	10	0	0	20	29	30	21	0.44	20.3
Ccl17_pri_3	Ms4a1_pad_1	100.000	10	0	0	15	24	14	5	0.50	20.3
Ccl17_pri_3	Ccl17_pri_3	100.000	10	0	0	22	31	31	22	0.50	20.3
Ccl22_pri_1	Meis1_pad_4	100.000	12	0	0	13	24	25	14	0.031	24.3
Ccl22_pri_2	Ets1_pri_2	100.000	11	0	0	8	18	17	7	0.12	22.3
Ccl22_pri_2	Il4_pad_6	100.000	10	0	0	7	16	16	7	0.46	20.3
Ccr4_pri_1	Cd83_pri_2	100.000	11	0	0	18	28	26	16	0.12	22.3
Ccr4_pri_1	Xcr1_pri_1	100.000	11	0	0	22	32	29	19	0.12	22.3
Ccr4_pri_2	Xcr1_pri_1	100.000	12	0	0	20	31	30	19	0.029	24.3
Ccr4_pri_2	Xcr1_pri_3	100.000	10	0	0	20	29	28	19	0.46	20.3
Ccr4_pri_2	Cd8a_pri_3	100.000	10	0	0	18	27	25	16	0.46	20.3
Ccr4_pri_3	Xcr1_pri_1	100.000	11	0	0	21	31	29	19	0.12	22.3
Ccr4_pri_3	Bcl11a_pri_5	100.000	10	0	0	11	20	18	9	0.46	20.3
Ccr4_pri_4	Xcr1_pri_1	100.000	11	0	0	21	31	29	19	0.12	22.3
Ccr4_pri_5	Xcr1_pri_1	100.000	11	0	0	20	30	29	19	0.11	22.3
Ccr4_pri_6	Xcr1_pri_1	100.000	11	0	0	20	30	29	19	0.11	22.3
Ccl25_pri_2	Ets1_pad_2	100.000	10	0	0	8	17	36	27	0.46	20.3
Ccl25_pri_2	Cd22_pri_4	100.000	10	0	0	20	29	30	21	0.46	20.3
Ccl25_pri_5	Hoxa9_pad_5	92.857	14	1	0	1	14	17	4	0.44	20.3
Ccl25_pri_6	Cd22_pri_4	100.000	10	0	0	19	28	30	21	0.44	20.3
Cd8a_pad_4	Adgre1_pri_5	100.000	10	0	0	23	32	29	20	0.83	20.3
Cd8a_pad_6	Sirpa_pad_5	93.750	16	1	0	5	20	33	18	0.057	24.3
Cd3d_pad_1	H2-Aa_pad_1	100.000	10	0	0	30	39	28	19	0.83	20.3
Cd3d_pad_2	H2-Aa_pad_1	93.333	15	1	0	31	45	33	19	0.24	22.3
Cd3d_pad_3	H2-Aa_pad_1	93.333	15	1	0	26	40	33	19	0.22	22.3
Cd3d_pad_4	H2-Aa_pad_1	93.333	15	1	0	27	41	33	19	0.22	22.3
Cd3d_pad_4	Cd3d_pad_4	100.000	10	0	0	9	18	18	9	0.87	20.3
Cd3d_pad_5	H2-Aa_pad_1	93.333	15	1	0	29	43	33	19	0.23	22.3
Cd3d_pad_6	H2-Aa_pad_1	100.000	10	0	0	30	39	28	19	0.83	20.3
Cd3d_pad_6	Cd3d_pri_5	100.000	10	0	0	1	10	26	17	0.83	20.3
Lef1_pad_1	Cd3g_pad_4	92.857	14	1	0	29	42	35	22	0.91	20.3
Lef1_pad_1	Cd28_pad_4	92.857	14	1	0	29	42	31	18	0.91	20.3
Lef1_pad_2	Cd3g_pad_4	92.857	14	1	0	27	40	35	22	0.87	20.3
Lef1_pad_2	Cd28_pad_4	92.857	14	1	0	27	40	31	18	0.87	20.3
Cd44_pad_1	Irf4_pri_6	100.000	11	0	0	20	30	17	7	0.22	22.3
Cd44_pad_1	Il2ra_pri_6	100.000	11	0	0	34	44	26	16	0.22	22.3
Cd44_pad_2	Il2ra_pri_6	100.000	11	0	0	34	44	26	16	0.22	22.3
Cd44_pad_2	Tcf12_pad_4	100.000	10	0	0	11	20	31	22	0.85	20.3
Cd44_pad_2	Ikzf1_pad_1	100.000	10	0	0	11	20	30	21	0.85	20.3
Cd44_pad_3	Il2ra_pri_6	100.000	11	0	0	33	43	26	16	0.21	22.3
Cd44_pad_3	Cd3g_pad_5	92.857	14	1	0	24	37	36	23	0.83	20.3
Cd44_pad_4	Il2ra_pri_6	100.000	11	0	0	35	45	26	16	0.22	22.3
Cd44_pad_4	Cd3g_pad_5	92.857	14	1	0	26	39	36	23	0.87	20.3
Cd44_pad_5	Il2ra_pri_6	100.000	11	0	0	35	45	26	16	0.22	22.3
Cd44_pad_6	Il2ra_pri_6	100.000	11	0	0	38	48	26	16	0.24	22.3
Il2ra_pad_1	Tcf7_pad_6	93.750	16	1	0	24	39	37	22	0.056	24.3
Il2ra_pad_1	Il17a_pad_5	93.333	15	1	0	22	36	42	28	0.22	22.3
Il2ra_pad_1	Lyl1_pad_6	93.333	15	1	0	23	37	37	23	0.22	22.3
Il2ra_pad_1	Il2ra_pad_4	93.333	15	1	0	25	39	35	21	0.22	22.3
Il2ra_pad_1	Bcl2_pad_4	92.857	14	1	0	23	36	39	26	0.87	20.3
Il2ra_pad_1	Itgam_pad_1	92.857	14	1	0	25	38	38	25	0.87	20.3
Il2ra_pad_1	Il17a_pad_6	92.857	14	1	0	22	35	38	25	0.87	20.3
Il2ra_pad_1	Il17a_pad_2	92.857	14	1	0	22	35	39	26	0.87	20.3
Il2ra_pad_1	Itgax_pri_2	100.000	10	0	0	38	47	17	8	0.87	20.3
Il2ra_pad_2	Tbx21_pad_5	93.750	16	1	0	25	40	40	25	0.060	24.3
Il2ra_pad_2	Itgam_pad_1	93.333	15	1	0	27	41	39	25	0.24	22.3
Il2ra_pad_2	Tcf7_pad_6	93.333	15	1	0	28	42	36	22	0.24	22.3
Il2ra_pad_2	Il2ra_pad_4	93.333	15	1	0	28	42	35	21	0.24	22.3
Il2ra_pad_2	Irf4_pad_4	92.857	14	1	0	27	40	37	24	0.93	20.3
Il2ra_pad_2	Il7r_pad_6	92.857	14	1	0	26	39	41	28	0.93	20.3
Il2ra_pad_2	Tbx21_pad_6	92.857	14	1	0	25	38	39	26	0.93	20.3
Il2ra_pad_2	Tbx21_pad_4	92.857	14	1	0	25	38	38	25	0.93	20.3
Il2ra_pad_2	Tbx21_pad_2	92.857	14	1	0	25	38	39	26	0.93	20.3
Il2ra_pad_2	Hhex_pad_3	92.857	14	1	0	26	39	42	29	0.93	20.3
Il2ra_pad_2	Gata3_pad_1	92.857	14	1	0	27	40	38	25	0.93	20.3
Il2ra_pad_2	Rag1_pad_3	92.857	14	1	0	27	40	39	26	0.93	20.3
Il2ra_pad_2	Itgax_pri_2	100.000	10	0	0	41	50	17	8	0.93	20.3
Il2ra_pad_3	Itgax_pri_2	100.000	10	0	0	36	45	17	8	0.83	20.3
Il2ra_pad_4	Il2ra_pad_4	94.118	17	1	0	21	37	37	21	0.014	26.3
Il2ra_pad_4	Hoxa9_pad_5	93.333	15	1	0	21	35	37	23	0.21	22.3
Il2ra_pad_4	Tcf7_pad_6	93.333	15	1	0	23	37	36	22	0.21	22.3
Il2ra_pad_4	Il2ra_pad_2	93.333	15	1	0	21	35	42	28	0.21	22.3
Il2ra_pad_4	Il2ra_pad_1	93.333	15	1	0	21	35	39	25	0.21	22.3
Il2ra_pad_4	Xcr1_pad_6	92.857	14	1	0	20	33	38	25	0.83	20.3
Il2ra_pad_4	Itgam_pad_1	92.857	14	1	0	23	36	38	25	0.83	20.3
Il2ra_pad_4	Tcf3_pad_3	92.857	14	1	0	22	35	39	26	0.83	20.3
Il2ra_pad_4	Hoxa9_pad_3	92.857	14	1	0	21	34	37	24	0.83	20.3
Il2ra_pad_4	Ets1_pad_6	92.857	14	1	0	22	35	36	23	0.83	20.3
Il2ra_pad_4	Ets1_pad_4	92.857	14	1	0	22	35	38	25	0.83	20.3
Il2ra_pad_4	Itgax_pri_2	100.000	10	0	0	36	45	17	8	0.83	20.3
Il2ra_pad_5	Itgax_pri_2	100.000	10	0	0	42	51	17	8	0.95	20.3
Il2ra_pad_6	Itgax_pri_2	100.000	10	0	0	36	45	17	8	0.83	20.3
Kit_pad_4	Tbx21_pad_5	92.857	14	1	0	26	39	36	23	0.87	20.3
Cd28_pad_1	Adgre1_pri_5	100.000	11	0	0	25	35	30	20	0.23	22.3
Cd28_pad_1	Lyl1_pad_6	92.857	14	1	0	27	40	34	21	0.89	20.3
Cd28_pad_4	Tbx21_pad_2	92.857	14	1	0	19	32	38	25	0.85	20.3
Cd28_pad_4	Cd28_pad_4	100.000	10	0	0	12	21	21	12	0.85	20.3
Cd28_pad_4	Cd28_pad_4	88.889	18	2	0	20	37	37	20	0.85	20.3
Cd28_pad_4	Lef1_pad_2	92.857	14	1	0	18	31	40	27	0.85	20.3
Cd28_pad_4	Lef1_pad_1	92.857	14	1	0	18	31	42	29	0.85	20.3
Cd28_pad_5	Cd22_pad_6	100.000	11	0	0	9	19	30	20	0.22	22.3
Cd3g_pad_1	Cd3e_pad_5	100.000	10	0	0	24	33	24	15	0.91	20.3
Cd3g_pad_4	Gata3_pad_1	93.750	16	1	0	24	39	38	23	0.056	24.3
Cd3g_pad_4	Tbx21_pad_5	93.333	15	1	0	23	37	39	25	0.22	22.3
Cd3g_pad_4	Rag1_pad_3	93.333	15	1	0	24	38	39	25	0.22	22.3
Cd3g_pad_4	Irf4_pad_4	92.857	14	1	0	24	37	37	24	0.87	20.3
Cd3g_pad_4	Il7r_pad_6	92.857	14	1	0	23	36	41	28	0.87	20.3
Cd3g_pad_4	Itgam_pad_1	92.857	14	1	0	24	37	39	26	0.87	20.3
Cd3g_pad_4	Hhex_pad_3	92.857	14	1	0	23	36	42	29	0.87	20.3
Cd3g_pad_4	Cd3g_pad_5	92.857	14	1	0	25	38	37	24	0.87	20.3
Cd3g_pad_4	Lef1_pad_2	92.857	14	1	0	22	35	40	27	0.87	20.3
Cd3g_pad_4	Lef1_pad_1	92.857	14	1	0	22	35	42	29	0.87	20.3
Cd3g_pad_5	Gata3_pad_1	93.333	15	1	0	25	39	37	23	0.22	22.3
Cd3g_pad_5	Cd3g_pad_5	93.333	15	1	0	24	38	38	24	0.22	22.3
Cd3g_pad_5	H2-Aa_pad_1	92.857	14	1	0	24	37	36	23	0.87	20.3
Cd3g_pad_5	Ccr7_pad_2	92.857	14	1	0	22	35	40	27	0.87	20.3
Cd3g_pad_5	Bcl11a_pad_6	92.857	14	1	0	23	36	37	24	0.87	20.3
Cd3g_pad_5	Bcl11a_pad_3	92.857	14	1	0	23	36	39	26	0.87	20.3
Cd3g_pad_5	Rag1_pad_3	92.857	14	1	0	25	38	38	25	0.87	20.3
Cd3g_pad_5	Cd3g_pad_4	92.857	14	1	0	24	37	38	25	0.87	20.3
Cd3g_pad_5	Cd44_pad_4	92.857	14	1	0	23	36	39	26	0.87	20.3
Cd3g_pad_5	Cd44_pad_3	92.857	14	1	0	23	36	37	24	0.87	20.3
Cd3e_pad_2	Cd3d_pri_6	100.000	11	0	0	1	11	32	22	0.24	22.3
Cd3e_pad_2	Cd3d_pri_5	100.000	11	0	0	1	11	32	22	0.24	22.3
Cd3e_pad_2	Cd3d_pri_4	100.000	11	0	0	1	11	31	21	0.24	22.3
Cd3e_pad_2	Cd3d_pri_3	100.000	11	0	0	1	11	31	21	0.24	22.3
Cd3e_pad_2	Cd3d_pri_2	100.000	11	0	0	1	11	31	21	0.24	22.3
Cd3e_pad_2	Cd3d_pri_1	100.000	11	0	0	1	11	32	22	0.24	22.3
Cd3e_pad_5	Cd83_pad_3	100.000	10	0	0	15	24	29	20	0.85	20.3
Cd3e_pad_5	Hoxa9_pad_6	100.000	10	0	0	15	24	30	21	0.85	20.3
Cd3e_pad_5	Cd3g_pad_1	100.000	10	0	0	15	24	33	24	0.85	20.3
Cd247_pad_1	Hes1_pad_1	100.000	10	0	0	35	44	14	5	0.87	20.3
Cd247_pad_2	Hes1_pad_1	100.000	10	0	0	37	46	14	5	0.91	20.3
Cd247_pad_3	Hes1_pad_1	100.000	10	0	0	38	47	14	5	0.93	20.3
Cd247_pad_4	Hes1_pad_1	100.000	10	0	0	37	46	14	5	0.91	20.3
Cd247_pad_5	Hes1_pad_1	100.000	10	0	0	34	43	14	5	0.85	20.3
Cd247_pad_6	Hes1_pad_1	100.000	10	0	0	34	43	14	5	0.85	20.3
Rag1_pad_3	H2-K1_pad_1	93.750	16	1	0	22	37	42	27	0.057	24.3
Rag1_pad_3	H2-K1_pad_2	93.333	15	1	0	22	36	39	25	0.23	22.3
Rag1_pad_3	Tcf3_pad_3	93.333	15	1	0	26	40	38	24	0.23	22.3
Rag1_pad_3	Cd3g_pad_4	93.333	15	1	0	25	39	38	24	0.23	22.3
Rag1_pad_3	H2-K1_pad_4	100.000	10	0	0	22	31	40	31	0.89	20.3
Rag1_pad_3	H2-K1_pad_3	100.000	10	0	0	22	31	39	30	0.89	20.3
Rag1_pad_3	H2-Aa_pad_1	92.857	14	1	0	25	38	36	23	0.89	20.3
Rag1_pad_3	Irf4_pad_4	92.857	14	1	0	26	39	36	23	0.89	20.3
Rag1_pad_3	Lyz2_pad_2	100.000	10	0	0	10	19	32	23	0.89	20.3
Rag1_pad_3	Tcf12_pad_6	92.857	14	1	0	24	37	40	27	0.89	20.3
Rag1_pad_3	Tcf12_pad_4	92.857	14	1	0	24	37	39	26	0.89	20.3
Rag1_pad_3	Mef2c_pad_3	88.889	18	2	0	26	43	35	18	0.89	20.3
Rag1_pad_3	Lyl1_pad_6	92.857	14	1	0	26	39	35	22	0.89	20.3
Rag1_pad_3	Ets1_pad_4	92.857	14	1	0	26	39	37	24	0.89	20.3
Rag1_pad_3	Rag2_pad_6	92.857	14	1	0	24	37	38	25	0.89	20.3
Rag1_pad_3	Rag2_pad_5	92.857	14	1	0	24	37	40	27	0.89	20.3
Rag1_pad_3	Cd3g_pad_5	92.857	14	1	0	25	38	38	25	0.89	20.3
Rag1_pad_3	Il2ra_pad_2	92.857	14	1	0	26	39	40	27	0.89	20.3
Rag1_pad_6	Meis1_pri_1	100.000	10	0	0	3	12	18	9	0.85	20.3
Rag2_pad_2	Gata3_pad_3	100.000	10	0	0	17	26	23	14	0.87	20.3
Rag2_pad_3	Bcl11b_pad_1	100.000	10	0	0	13	22	27	18	0.83	20.3
Rag2_pad_4	Rag2_pri_3	100.000	11	0	0	1	11	27	17	0.21	22.3
Rag2_pad_4	Tcf12_pad_6	88.889	18	2	0	17	34	44	27	0.83	20.3
Rag2_pad_4	Tcf12_pad_4	88.889	18	2	0	17	34	43	26	0.83	20.3
Rag2_pad_5	Ifng_pad_5	100.000	11	0	0	6	16	12	2	0.23	22.3
Rag2_pad_5	Rag1_pad_3	92.857	14	1	0	27	40	37	24	0.89	20.3
Rag2_pad_6	Rag1_pad_3	92.857	14	1	0	25	38	37	24	0.85	20.3
Rag2_pad_6	Foxp3_pri_6	100.000	10	0	0	1	10	16	7	0.85	20.3
Hes1_pad_1	Cd247_pad_6	100.000	10	0	0	5	14	43	34	0.87	20.3
Hes1_pad_1	Cd247_pad_5	100.000	10	0	0	5	14	43	34	0.87	20.3
Hes1_pad_1	Cd247_pad_4	100.000	10	0	0	5	14	46	37	0.87	20.3
Hes1_pad_1	Cd247_pad_3	100.000	10	0	0	5	14	47	38	0.87	20.3
Hes1_pad_1	Cd247_pad_2	100.000	10	0	0	5	14	46	37	0.87	20.3
Hes1_pad_1	Cd247_pad_1	100.000	10	0	0	5	14	44	35	0.87	20.3
Hes1_pad_3	Mef2c_pad_3	100.000	10	0	0	12	21	28	19	0.85	20.3
Hes1_pad_4	Itgam_pad_1	92.857	14	1	0	28	41	37	24	0.91	20.3
Tcf7_pad_2	Cd4_pri_3	100.000	11	0	0	2	12	17	7	0.21	22.3
Tcf7_pad_3	Ets1_pad_6	89.474	19	2	0	19	37	39	21	0.21	22.3
Tcf7_pad_3	Sirpa_pri_4	100.000	10	0	0	11	20	13	4	0.83	20.3
Tcf7_pad_4	Tcf7_pri_1	100.000	10	0	0	1	10	25	16	0.85	20.3
Tcf7_pad_6	Hoxa9_pad_5	93.750	16	1	0	22	37	37	22	0.055	24.3
Tcf7_pad_6	Ets1_pad_6	93.750	16	1	0	23	38	36	21	0.055	24.3
Tcf7_pad_6	Il2ra_pad_1	93.750	16	1	0	22	37	39	24	0.055	24.3
Tcf7_pad_6	Il2ra_pad_4	93.333	15	1	0	22	36	37	23	0.22	22.3
Tcf7_pad_6	Il2ra_pad_2	93.333	15	1	0	22	36	42	28	0.22	22.3
Tcf7_pad_6	H2-Aa_pad_1	92.857	14	1	0	24	37	35	22	0.85	20.3
Tcf7_pad_6	Xcr1_pad_6	92.857	14	1	0	21	34	38	25	0.85	20.3
Tcf7_pad_6	Tbx21_pad_5	92.857	14	1	0	24	37	37	24	0.85	20.3
Tcf7_pad_6	Tcf3_pad_3	92.857	14	1	0	23	36	39	26	0.85	20.3
Tcf7_pad_6	Hoxa9_pad_3	92.857	14	1	0	22	35	37	24	0.85	20.3
Tcf7_pad_6	Ets1_pad_4	92.857	14	1	0	23	36	38	25	0.85	20.3
Gata3_pad_1	Cd3g_pad_4	93.750	16	1	0	23	38	39	24	0.056	24.3
Gata3_pad_1	H2-Aa_pad_1	93.333	15	1	0	23	37	37	23	0.22	22.3
Gata3_pad_1	Csf1r_pad_6	93.333	15	1	0	22	36	41	27	0.22	22.3
Gata3_pad_1	Csf1r_pad_3	93.333	15	1	0	22	36	39	25	0.22	22.3
Gata3_pad_1	Csf1r_pad_1	93.333	15	1	0	22	36	43	29	0.22	22.3
Gata3_pad_1	Cd3g_pad_5	93.333	15	1	0	23	37	39	25	0.22	22.3
Gata3_pad_1	H2-Aa_pad_3	92.857	14	1	0	23	36	37	24	0.87	20.3
Gata3_pad_1	H2-Aa_pad_2	92.857	14	1	0	23	36	39	26	0.87	20.3
Gata3_pad_1	Irf4_pad_4	92.857	14	1	0	25	38	36	23	0.87	20.3
Gata3_pad_1	Csf1r_pad_5	92.857	14	1	0	22	35	38	25	0.87	20.3
Gata3_pad_1	Csf1r_pad_2	92.857	14	1	0	22	35	41	28	0.87	20.3
Gata3_pad_1	Tcf3_pad_3	92.857	14	1	0	25	38	38	25	0.87	20.3
Gata3_pad_1	Lyl1_pad_6	92.857	14	1	0	25	38	35	22	0.87	20.3
Gata3_pad_1	Ets1_pad_4	92.857	14	1	0	25	38	37	24	0.87	20.3
Gata3_pad_1	Il2ra_pad_2	92.857	14	1	0	25	38	40	27	0.87	20.3
Gata3_pad_3	Rag2_pad_2	100.000	10	0	0	14	23	26	17	0.83	20.3
Gata3_pad_4	Bcl11a_pri_1	100.000	10	0	0	22	31	16	7	0.87	20.3
Bcl11b_pad_1	Rag2_pad_3	100.000	10	0	0	18	27	22	13	0.83	20.3
Bcl11b_pad_1	Csf1r_pri_1	100.000	10	0	0	11	20	13	4	0.83	20.3
Bcl11b_pad_1	Cd3d_pri_6	100.000	10	0	0	14	23	13	4	0.83	20.3
Bcl11b_pad_2	Adgre1_pri_5	100.000	12	0	0	21	32	31	20	0.053	24.3
Bcl11b_pad_3	Tcf12_pri_6	100.000	10	0	0	14	23	12	3	0.87	20.3
Bcl11b_pad_6	Il17a_pad_1	100.000	10	0	0	13	22	17	8	0.93	20.3
Ets1_pad_2	Ccl25_pri_2	100.000	10	0	0	27	36	17	8	0.93	20.3
Ets1_pad_4	Itgam_pad_1	93.333	15	1	0	24	38	39	25	0.22	22.3
Ets1_pad_4	Tbx21_pad_5	93.333	15	1	0	23	37	39	25	0.22	22.3
Ets1_pad_4	Hhex_pad_3	93.333	15	1	0	22	36	43	29	0.22	22.3
Ets1_pad_4	Irf4_pad_4	92.857	14	1	0	24	37	37	24	0.87	20.3
Ets1_pad_4	Il7r_pad_6	92.857	14	1	0	23	36	41	28	0.87	20.3
Ets1_pad_4	Hhex_pad_6	92.857	14	1	0	22	35	40	27	0.87	20.3
Ets1_pad_4	Hhex_pad_5	92.857	14	1	0	22	35	42	29	0.87	20.3
Ets1_pad_4	Hhex_pad_4	92.857	14	1	0	22	35	40	27	0.87	20.3
Ets1_pad_4	Gata3_pad_1	92.857	14	1	0	24	37	38	25	0.87	20.3
Ets1_pad_4	Tcf7_pad_6	92.857	14	1	0	25	38	36	23	0.87	20.3
Ets1_pad_4	Rag1_pad_3	92.857	14	1	0	24	37	39	26	0.87	20.3
Ets1_pad_4	Il2ra_pad_4	92.857	14	1	0	25	38	35	22	0.87	20.3
Ets1_pad_6	Tcf7_pad_6	93.750	16	1	0	21	36	38	23	0.053	24.3
Ets1_pad_6	Cd19_pad_3	93.333	15	1	0	20	34	38	24	0.21	22.3
Ets1_pad_6	Tcf7_pad_3	89.474	19	2	0	21	39	37	19	0.21	22.3
Ets1_pad_6	Ccl22_pad_6	92.857	14	1	0	21	34	38	25	0.83	20.3
Ets1_pad_6	Ccl22_pad_4	92.857	14	1	0	21	34	37	24	0.83	20.3
Ets1_pad_6	Cd19_pad_4	92.857	14	1	0	20	33	43	30	0.83	20.3
Ets1_pad_6	Cd19_pad_1	92.857	14	1	0	20	33	39	26	0.83	20.3
Ets1_pad_6	Itgam_pad_1	92.857	14	1	0	23	36	38	25	0.83	20.3
Ets1_pad_6	Cd4_pad_2	92.857	14	1	0	21	34	42	29	0.83	20.3
Ets1_pad_6	Lyl1_pad_6	92.857	14	1	0	22	35	36	23	0.83	20.3
Ets1_pad_6	Il2ra_pad_4	92.857	14	1	0	23	36	35	22	0.83	20.3
Lyl1_pad_5	Hoxa9_pad_5	92.857	14	1	0	26	39	33	20	0.85	20.3
Lyl1_pad_6	Hoxa9_pad_5	93.750	16	1	0	23	38	35	20	0.053	24.3
Lyl1_pad_6	H2-Aa_pad_1	93.333	15	1	0	23	37	35	21	0.21	22.3
Lyl1_pad_6	Irf4_pad_4	93.333	15	1	0	21	35	38	24	0.21	22.3
Lyl1_pad_6	Tbx21_pad_5	93.333	15	1	0	22	36	38	24	0.21	22.3
Lyl1_pad_6	Lmo2_pad_5	93.333	15	1	0	20	34	38	24	0.21	22.3
Lyl1_pad_6	Lmo2_pad_1	93.333	15	1	0	20	34	41	27	0.21	22.3
Lyl1_pad_6	Il2ra_pad_1	93.333	15	1	0	23	37	37	23	0.21	22.3
Lyl1_pad_6	Irf4_pad_1	92.857	14	1	0	21	34	38	25	0.83	20.3
Lyl1_pad_6	Itgam_pad_1	92.857	14	1	0	22	35	39	26	0.83	20.3
Lyl1_pad_6	Cd68_pad_6	92.857	14	1	0	21	34	37	24	0.83	20.3
Lyl1_pad_6	Lmo2_pad_2	92.857	14	1	0	20	33	38	25	0.83	20.3
Lyl1_pad_6	Lyl1_pad_6	100.000	10	0	0	15	24	24	15	0.83	20.3
Lyl1_pad_6	Ets1_pad_6	92.857	14	1	0	23	36	35	22	0.83	20.3
Lyl1_pad_6	Gata3_pad_1	92.857	14	1	0	22	35	38	25	0.83	20.3
Lyl1_pad_6	Rag1_pad_3	92.857	14	1	0	22	35	39	26	0.83	20.3
Lyl1_pad_6	Cd28_pad_1	92.857	14	1	0	21	34	40	27	0.83	20.3
Hhex_pad_2	Cd19_pad_1	100.000	10	0	0	14	23	31	22	0.89	20.3
Hhex_pad_2	Itgax_pad_4	100.000	10	0	0	14	23	32	23	0.89	20.3
Hhex_pad_2	Adgre1_pad_3	100.000	10	0	0	14	23	31	22	0.89	20.3
Hhex_pad_3	Ets1_pad_4	93.333	15	1	0	29	43	36	22	0.24	22.3
Hhex_pad_3	Irf4_pad_4	92.857	14	1	0	29	42	35	22	0.93	20.3
Hhex_pad_3	Tcf3_pad_3	88.889	18	2	0	29	46	37	20	0.93	20.3
Hhex_pad_3	Cd3g_pad_4	92.857	14	1	0	29	42	36	23	0.93	20.3
Hhex_pad_3	Il2ra_pad_2	92.857	14	1	0	29	42	39	26	0.93	20.3
Hhex_pad_4	Hhex_pad_4	100.000	10	0	0	17	26	26	17	0.87	20.3
Hhex_pad_4	Ets1_pad_4	92.857	14	1	0	27	40	35	22	0.87	20.3
Hhex_pad_5	Ets1_pad_4	92.857	14	1	0	29	42	35	22	0.91	20.3
Hhex_pad_6	Ets1_pad_4	92.857	14	1	0	27	40	35	22	0.87	20.3
Bcl11a_pad_2	Bcl11a_pri_1	100.000	10	0	0	1	10	25	16	0.85	20.3
Bcl11a_pad_3	Cd3g_pad_5	92.857	14	1	0	26	39	36	23	0.87	20.3
Bcl11a_pad_6	Cd3g_pad_5	92.857	14	1	0	24	37	36	23	0.83	20.3
Hoxa9_pad_3	Ms4a1_pad_2	100.000	10	0	0	7	16	25	16	0.83	20.3
Hoxa9_pad_3	Tcf7_pad_6	92.857	14	1	0	24	37	35	22	0.83	20.3
Hoxa9_pad_3	Il2ra_pad_4	92.857	14	1	0	24	37	34	21	0.83	20.3
Hoxa9_pad_5	Lyl1_pad_6	93.750	16	1	0	20	35	38	23	0.053	24.3
Hoxa9_pad_5	Tcf7_pad_6	93.750	16	1	0	22	37	37	22	0.053	24.3
Hoxa9_pad_5	Il2ra_pad_4	93.333	15	1	0	23	37	35	21	0.21	22.3
Hoxa9_pad_5	Bcl2_pad_4	92.857	14	1	0	21	34	39	26	0.83	20.3
Hoxa9_pad_5	Cd22_pad_3	100.000	10	0	0	20	29	11	2	0.83	20.3
Hoxa9_pad_5	Itgam_pad_1	92.857	14	1	0	23	36	38	25	0.83	20.3
Hoxa9_pad_5	Il17a_pad_5	92.857	14	1	0	21	34	41	28	0.83	20.3
Hoxa9_pad_5	Lyl1_pad_5	92.857	14	1	0	20	33	39	26	0.83	20.3
Hoxa9_pad_5	Ccl25_pri_5	92.857	14	1	0	4	17	14	1	0.83	20.3
Hoxa9_pad_6	Cd3e_pad_5	100.000	10	0	0	21	30	24	15	0.85	20.3
Mef2c_pad_3	Hes1_pad_3	100.000	10	0	0	19	28	21	12	0.83	20.3
Mef2c_pad_3	Rag1_pad_3	88.889	18	2	0	18	35	43	26	0.83	20.3
Mef2c_pad_4	Gata3_pri_1	100.000	10	0	0	11	20	11	2	0.83	20.3
Mef2c_pad_5	Cd86_pad_3	100.000	11	0	0	19	29	14	4	0.22	22.3
Lmo2_pad_1	Lyl1_pad_6	93.333	15	1	0	27	41	34	20	0.23	22.3
Lmo2_pad_1	Tcf3_pad_3	88.889	18	2	0	27	44	37	20	0.89	20.3
Lmo2_pad_1	Pdcd1_pri_6	100.000	10	0	0	32	41	24	15	0.89	20.3
Lmo2_pad_2	Lyl1_pad_6	92.857	14	1	0	25	38	33	20	0.83	20.3
Lmo2_pad_2	Pdcd1_pri_6	100.000	10	0	0	29	38	24	15	0.83	20.3
Lmo2_pad_2	Runx1_pri_1	100.000	10	0	0	17	26	15	6	0.83	20.3
Lmo2_pad_3	Pdcd1_pri_6	100.000	10	0	0	29	38	24	15	0.83	20.3
Lmo2_pad_4	Pdcd1_pri_6	100.000	10	0	0	32	41	24	15	0.89	20.3
Lmo2_pad_5	Lyl1_pad_6	93.333	15	1	0	24	38	34	20	0.21	22.3
Lmo2_pad_5	Tcf3_pad_3	88.889	18	2	0	24	41	37	20	0.83	20.3
Lmo2_pad_5	Pdcd1_pri_6	100.000	10	0	0	29	38	24	15	0.83	20.3
Lmo2_pad_6	Pdcd1_pri_6	100.000	10	0	0	30	39	24	15	0.85	20.3
Lmo2_pad_6	Ccr7_pri_6	100.000	10	0	0	10	19	10	1	0.85	20.3
Meis1_pad_1	Itgam_pri_2	100.000	10	0	0	9	18	20	11	0.87	20.3
Meis1_pad_4	Ccl22_pri_1	100.000	12	0	0	14	25	24	13	0.057	24.3
Meis1_pad_6	Meis1_pad_6	100.000	10	0	0	1	10	10	1	0.89	20.3
Tcf3_pad_1	Lyl1_pri_6	100.000	11	0	0	34	44	27	17	0.22	22.3
Tcf3_pad_2	Lyl1_pri_6	100.000	11	0	0	34	44	27	17	0.22	22.3
Tcf3_pad_3	Runx1_pad_3	94.444	18	1	0	20	37	43	26	0.004	28.2
Tcf3_pad_3	Runx1_pad_2	94.444	18	1	0	20	37	46	29	0.004	28.2
Tcf3_pad_3	Runx1_pad_6	94.118	17	1	0	20	36	42	26	0.014	26.3
Tcf3_pad_3	Runx1_pad_4	94.118	17	1	0	20	36	44	28	0.014	26.3
Tcf3_pad_3	Runx1_pad_1	94.118	17	1	0	20	36	45	29	0.014	26.3
Tcf3_pad_3	Itgam_pad_1	93.750	16	1	0	24	39	40	25	0.057	24.3
Tcf3_pad_3	Runx1_pad_5	100.000	12	0	0	20	31	41	30	0.057	24.3
Tcf3_pad_3	Itgam_pri_1	100.000	12	0	0	10	21	22	11	0.057	24.3
Tcf3_pad_3	Rag1_pad_3	93.333	15	1	0	24	38	40	26	0.23	22.3
Tcf3_pad_3	Lyl1_pri_6	100.000	11	0	0	35	45	27	17	0.23	22.3
Tcf3_pad_3	Cd86_pad_4	92.857	14	1	0	24	37	37	24	0.89	20.3
Tcf3_pad_3	Cd86_pad_3	92.857	14	1	0	24	37	41	28	0.89	20.3
Tcf3_pad_3	Irf4_pad_4	92.857	14	1	0	25	38	37	24	0.89	20.3
Tcf3_pad_3	Tbx21_pad_5	92.857	14	1	0	25	38	38	25	0.89	20.3
Tcf3_pad_3	Foxp3_pad_6	88.889	18	2	0	20	37	44	27	0.89	20.3
Tcf3_pad_3	Lmo2_pad_5	88.889	18	2	0	20	37	41	24	0.89	20.3
Tcf3_pad_3	Lmo2_pad_1	88.889	18	2	0	20	37	44	27	0.89	20.3
Tcf3_pad_3	Hhex_pad_3	88.889	18	2	0	20	37	46	29	0.89	20.3
Tcf3_pad_3	Gata3_pad_1	92.857	14	1	0	25	38	38	25	0.89	20.3
Tcf3_pad_3	Tcf7_pad_6	92.857	14	1	0	26	39	36	23	0.89	20.3
Tcf3_pad_3	Il2ra_pad_4	92.857	14	1	0	26	39	35	22	0.89	20.3
Tcf3_pad_4	Ccl25_pad_5	100.000	13	0	0	13	25	18	6	0.014	26.3
Tcf3_pad_4	Lyl1_pri_6	100.000	11	0	0	33	43	27	17	0.22	22.3
Tcf3_pad_4	Flt3_pad_3	100.000	10	0	0	15	24	15	6	0.85	20.3
Tcf3_pad_5	Lyl1_pri_6	100.000	11	0	0	32	42	27	17	0.21	22.3
Tcf3_pad_6	Lyl1_pri_6	100.000	11	0	0	34	44	27	17	0.22	22.3
Ikzf1_pad_1	Ccl22_pad_2	92.857	14	1	0	8	21	23	10	0.85	20.3
Ikzf1_pad_1	Cd44_pad_2	100.000	10	0	0	21	30	20	11	0.85	20.3
Runx1_pad_1	Tcf3_pad_3	94.118	17	1	0	29	45	36	20	0.015	26.3
Runx1_pad_1	Irf8_pad_4	100.000	12	0	0	36	47	25	14	0.058	24.3
Runx1_pad_1	Tcf12_pad_4	100.000	10	0	0	10	19	16	7	0.91	20.3
Runx1_pad_2	Tcf3_pad_3	94.444	18	1	0	29	46	37	20	0.004	28.2
Runx1_pad_2	Irf8_pad_4	100.000	12	0	0	37	48	25	14	0.060	24.3
Runx1_pad_3	Tcf3_pad_3	94.444	18	1	0	26	43	37	20	0.004	28.2
Runx1_pad_3	Irf8_pad_4	100.000	12	0	0	34	45	25	14	0.056	24.3
Runx1_pad_4	Tcf3_pad_3	94.118	17	1	0	28	44	36	20	0.014	26.3
Runx1_pad_4	Irf8_pad_4	100.000	12	0	0	35	46	25	14	0.057	24.3
Runx1_pad_4	Hhex_pri_2	100.000	11	0	0	5	15	29	19	0.23	22.3
Runx1_pad_5	Irf8_pad_4	100.000	12	0	0	32	43	25	14	0.053	24.3
Runx1_pad_5	Tcf3_pad_3	100.000	12	0	0	30	41	31	20	0.053	24.3
Runx1_pad_6	Tcf3_pad_3	94.118	17	1	0	26	42	36	20	0.014	26.3
Runx1_pad_6	Irf8_pad_4	100.000	12	0	0	33	44	25	14	0.055	24.3
Tcf12_pad_2	Tcf7_pri_3	100.000	10	0	0	10	19	10	1	0.83	20.3
Tcf12_pad_4	Runx1_pad_1	100.000	10	0	0	7	16	19	10	0.87	20.3
Tcf12_pad_4	Rag2_pad_4	88.889	18	2	0	26	43	34	17	0.87	20.3
Tcf12_pad_4	Rag1_pad_3	92.857	14	1	0	26	39	37	24	0.87	20.3
Tcf12_pad_4	Cd44_pad_2	100.000	10	0	0	22	31	20	11	0.87	20.3
Tcf12_pad_6	Rag2_pad_4	88.889	18	2	0	27	44	34	17	0.89	20.3
Tcf12_pad_6	Rag1_pad_3	92.857	14	1	0	27	40	37	24	0.89	20.3
Gfi1_pad_1	Foxp3_pad_4	100.000	10	0	0	1	10	22	13	0.89	20.3
Gfi1_pad_5	Cd40_pri_4	100.000	10	0	0	6	15	11	2	0.83	20.3
Gfi1_pad_6	Itgam_pad_1	92.857	14	1	0	28	41	37	24	0.91	20.3
Gfi1_pad_6	Adgre1_pri_5	100.000	10	0	0	27	36	29	20	0.91	20.3
Cd4_pad_1	Lef1_pri_1	100.000	10	0	0	17	26	10	1	0.89	20.3
Cd4_pad_2	Ets1_pad_6	92.857	14	1	0	29	42	34	21	0.93	20.3
Cd4_pad_5	Il4_pad_6	100.000	10	0	0	1	10	10	1	0.85	20.3
Foxp3_pad_2	Gfi1_pri_1	100.000	10	0	0	14	23	25	16	0.91	20.3
Foxp3_pad_4	Gfi1_pad_1	100.000	10	0	0	13	22	10	1	0.85	20.3
Foxp3_pad_6	Tcf3_pad_3	88.889	18	2	0	27	44	37	20	0.89	20.3
Ifng_pad_1	Meis1_pri_2	100.000	12	0	0	4	15	23	12	0.055	24.3
Ifng_pad_5	Rag2_pad_5	100.000	11	0	0	2	12	16	6	0.21	22.3
Il4_pad_1	Irf4_pri_5	100.000	10	0	0	8	17	15	6	0.87	20.3
Il4_pad_4	Sell_pad_2	100.000	10	0	0	4	13	17	8	0.85	20.3
Il4_pad_4	Cd3e_pri_1	100.000	10	0	0	12	21	10	1	0.85	20.3
Il4_pad_5	Ets1_pri_6	100.000	10	0	0	19	28	11	2	0.89	20.3
Il4_pad_6	Cd4_pad_5	100.000	10	0	0	1	10	10	1	0.91	20.3
Il4_pad_6	Ccl22_pri_2	100.000	10	0	0	7	16	16	7	0.91	20.3
Il17a_pad_1	Bcl11b_pad_6	100.000	10	0	0	8	17	22	13	0.85	20.3
Il17a_pad_2	Il2ra_pad_1	92.857	14	1	0	26	39	35	22	0.85	20.3
Il17a_pad_3	Sell_pri_1	100.000	10	0	0	15	24	11	2	0.83	20.3
Il17a_pad_4	Flt3_pri_3	100.000	10	0	0	5	14	15	6	0.89	20.3
Il17a_pad_5	Il2ra_pad_1	93.333	15	1	0	28	42	36	22	0.23	22.3
Il17a_pad_5	H2-Aa_pad_1	92.857	14	1	0	28	41	34	21	0.91	20.3
Il17a_pad_5	Hoxa9_pad_5	92.857	14	1	0	28	41	34	21	0.91	20.3
Il17a_pad_5	Il17a_pri_3	100.000	10	0	0	9	18	22	13	0.91	20.3
Il17a_pad_6	Il2ra_pad_1	92.857	14	1	0	25	38	35	22	0.83	20.3
Tbx21_pad_2	Irf4_pad_4	92.857	14	1	0	26	39	34	21	0.85	20.3
Tbx21_pad_2	Cd28_pad_4	92.857	14	1	0	25	38	32	19	0.85	20.3
Tbx21_pad_2	Il2ra_pad_2	92.857	14	1	0	26	39	38	25	0.85	20.3
Tbx21_pad_4	Irf4_pad_4	92.857	14	1	0	25	38	34	21	0.83	20.3
Tbx21_pad_4	Il2ra_pad_2	92.857	14	1	0	25	38	38	25	0.83	20.3
Tbx21_pad_5	Irf4_pad_4	93.750	16	1	0	25	40	36	21	0.056	24.3
Tbx21_pad_5	Irf8_pad_2	93.750	16	1	0	21	36	39	24	0.056	24.3
Tbx21_pad_5	Il2ra_pad_2	93.750	16	1	0	25	40	40	25	0.056	24.3
Tbx21_pad_5	Irf8_pad_4	93.333	15	1	0	21	35	42	28	0.22	22.3
Tbx21_pad_5	Lyl1_pad_6	93.333	15	1	0	24	38	36	22	0.22	22.3
Tbx21_pad_5	Ets1_pad_4	93.333	15	1	0	25	39	37	23	0.22	22.3
Tbx21_pad_5	Cd3g_pad_4	93.333	15	1	0	25	39	37	23	0.22	22.3
Tbx21_pad_5	Irf8_pad_6	100.000	10	0	0	21	30	39	30	0.87	20.3
Tbx21_pad_5	Irf8_pad_5	100.000	10	0	0	21	30	39	30	0.87	20.3
Tbx21_pad_5	Irf8_pad_3	100.000	10	0	0	21	30	41	32	0.87	20.3
Tbx21_pad_5	Irf8_pad_1	100.000	10	0	0	21	30	42	33	0.87	20.3
Tbx21_pad_5	Tcf3_pad_3	92.857	14	1	0	25	38	38	25	0.87	20.3
Tbx21_pad_5	Tcf7_pad_6	92.857	14	1	0	24	37	37	24	0.87	20.3
Tbx21_pad_5	Kit_pad_4	92.857	14	1	0	23	36	39	26	0.87	20.3
Tbx21_pad_6	Irf4_pad_4	92.857	14	1	0	26	39	34	21	0.85	20.3
Tbx21_pad_6	Il2ra_pad_2	92.857	14	1	0	26	39	38	25	0.85	20.3
Ccr7_pad_2	Cd3g_pad_5	92.857	14	1	0	27	40	35	22	0.87	20.3
Ccr7_pad_2	Ccr7_pri_4	100.000	10	0	0	1	10	25	16	0.87	20.3
Sell_pad_2	Il4_pad_4	100.000	10	0	0	8	17	13	4	0.93	20.3
Sell_pad_6	Rag2_pri_3	100.000	10	0	0	17	26	13	4	0.85	20.3
Adgre1_pad_2	Cd83_pad_4	93.333	15	1	0	10	24	33	19	0.23	22.3
Adgre1_pad_2	Sirpa_pad_6	100.000	10	0	0	5	14	13	4	0.89	20.3
Adgre1_pad_3	Hhex_pad_2	100.000	10	0	0	22	31	23	14	0.85	20.3
Cd68_pad_6	Lyl1_pad_6	92.857	14	1	0	24	37	34	21	0.83	20.3
Csf1r_pad_1	Gata3_pad_1	93.333	15	1	0	29	43	36	22	0.24	22.3
Csf1r_pad_1	Meis1_pri_3	92.857	14	1	0	18	31	17	4	0.93	20.3
Csf1r_pad_2	Gata3_pad_1	92.857	14	1	0	28	41	35	22	0.89	20.3
Csf1r_pad_3	Gata3_pad_1	93.333	15	1	0	25	39	36	22	0.22	22.3
Csf1r_pad_3	Itgax_pri_2	100.000	10	0	0	11	20	27	18	0.85	20.3
Csf1r_pad_3	Il4_pri_5	100.000	10	0	0	1	10	20	11	0.85	20.3
Csf1r_pad_5	Gata3_pad_1	92.857	14	1	0	25	38	35	22	0.83	20.3
Csf1r_pad_6	Gata3_pad_1	93.333	15	1	0	27	41	36	22	0.23	22.3
Lyz2_pad_2	Rag1_pad_3	100.000	10	0	0	23	32	19	10	0.83	20.3
Itgax_pad_1	Cd22_pri_4	100.000	10	0	0	29	38	28	19	0.93	20.3
Itgax_pad_4	Hhex_pad_2	100.000	10	0	0	23	32	23	14	0.87	20.3
Itgax_pad_4	Mef2c_pri_1	100.000	10	0	0	10	19	25	16	0.87	20.3
Itgax_pad_5	Itgax_pad_5	100.000	10	0	0	8	17	17	8	0.83	20.3
Itgam_pad_1	Tcf3_pad_3	93.750	16	1	0	25	40	39	24	0.057	24.3
Itgam_pad_1	Sirpa_pad_4	93.333	15	1	0	23	37	41	27	0.23	22.3
Itgam_pad_1	Sirpa_pad_3	93.333	15	1	0	23	37	42	28	0.23	22.3
Itgam_pad_1	Ets1_pad_4	93.333	15	1	0	25	39	38	24	0.23	22.3
Itgam_pad_1	Il2ra_pad_2	93.333	15	1	0	25	39	41	27	0.23	22.3
Itgam_pad_1	Ccl25_pad_4	100.000	10	0	0	7	16	20	11	0.89	20.3
Itgam_pad_1	Irf4_pad_4	92.857	14	1	0	26	39	36	23	0.89	20.3
Itgam_pad_1	Gfi1_pad_6	92.857	14	1	0	24	37	41	28	0.89	20.3
Itgam_pad_1	Hoxa9_pad_5	92.857	14	1	0	25	38	36	23	0.89	20.3
Itgam_pad_1	Lyl1_pad_6	92.857	14	1	0	26	39	35	22	0.89	20.3
Itgam_pad_1	Ets1_pad_6	92.857	14	1	0	25	38	36	23	0.89	20.3
Itgam_pad_1	Hes1_pad_4	92.857	14	1	0	24	37	41	28	0.89	20.3
Itgam_pad_1	Cd3g_pad_4	92.857	14	1	0	26	39	37	24	0.89	20.3
Itgam_pad_1	Il2ra_pad_4	92.857	14	1	0	25	38	36	23	0.89	20.3
Itgam_pad_1	Il2ra_pad_1	92.857	14	1	0	25	38	38	25	0.89	20.3
Itgam_pad_4	Bcl11b_pri_6	100.000	10	0	0	23	32	30	21	0.85	20.3
Itgam_pad_4	Bcl11b_pri_5	100.000	10	0	0	23	32	31	22	0.85	20.3
Itgam_pad_4	Bcl11b_pri_4	100.000	10	0	0	23	32	30	21	0.85	20.3
Itgam_pad_4	Bcl11b_pri_3	100.000	10	0	0	23	32	30	21	0.85	20.3
Itgam_pad_4	Bcl11b_pri_2	100.000	10	0	0	23	32	33	24	0.85	20.3
Itgam_pad_4	Bcl11b_pri_1	100.000	10	0	0	23	32	32	23	0.85	20.3
Flt3_pad_2	Gfi1_pri_4	100.000	11	0	0	3	13	14	4	0.24	22.3
Flt3_pad_3	Tcf3_pad_4	100.000	10	0	0	6	15	24	15	0.85	20.3
Flt3_pad_3	Flt3_pri_6	100.000	10	0	0	1	10	27	18	0.85	20.3
Sirpa_pad_3	Itgam_pad_1	93.333	15	1	0	28	42	37	23	0.23	22.3
Sirpa_pad_3	Cd40_pri_4	100.000	10	0	0	11	20	19	10	0.91	20.3
Sirpa_pad_4	Itgam_pad_1	93.333	15	1	0	27	41	37	23	0.23	22.3
Sirpa_pad_5	Cd8a_pad_6	93.750	16	1	0	18	33	20	5	0.053	24.3
Sirpa_pad_6	Adgre1_pad_2	100.000	10	0	0	4	13	14	5	0.83	20.3
Cd19_pad_1	Hhex_pad_2	100.000	10	0	0	22	31	23	14	0.85	20.3
Cd19_pad_1	Ets1_pad_6	92.857	14	1	0	26	39	33	20	0.85	20.3
Cd19_pad_3	Ets1_pad_6	93.333	15	1	0	24	38	34	20	0.21	22.3
Cd19_pad_4	Ets1_pad_6	92.857	14	1	0	30	43	33	20	0.93	20.3
Cd19_pad_5	Sirpa_pri_3	100.000	10	0	0	7	16	19	10	0.89	20.3
Cd79a_pad_2	Foxp3_pri_2	100.000	12	0	0	10	21	14	3	0.056	24.3
Cd79a_pad_2	H2-K1_pad_4	100.000	11	0	0	1	11	47	37	0.22	22.3
Cd79a_pad_2	H2-K1_pad_3	100.000	11	0	0	1	11	46	36	0.22	22.3
Cd79a_pad_2	H2-K1_pad_2	100.000	11	0	0	1	11	46	36	0.22	22.3
Cd79a_pad_2	H2-K1_pad_1	100.000	11	0	0	1	11	49	39	0.22	22.3
Cd79a_pad_2	Tbx21_pri_4	100.000	11	0	0	14	24	13	3	0.22	22.3
Cd79a_pad_2	Cd86_pad_6	100.000	10	0	0	1	10	49	40	0.87	20.3
Cd79a_pad_2	Cd86_pad_5	100.000	10	0	0	1	10	52	43	0.87	20.3
Cd79a_pad_2	Cd86_pad_4	100.000	10	0	0	1	10	46	37	0.87	20.3
Cd79a_pad_2	Cd86_pad_3	100.000	10	0	0	1	10	50	41	0.87	20.3
Cd79a_pad_2	Cd86_pad_2	100.000	10	0	0	1	10	47	38	0.87	20.3
Cd79a_pad_2	Cd86_pad_1	100.000	10	0	0	1	10	46	37	0.87	20.3
Cd79a_pad_2	Cd83_pad_6	100.000	10	0	0	1	10	48	39	0.87	20.3
Cd79a_pad_2	Cd83_pad_5	100.000	10	0	0	1	10	50	41	0.87	20.3
Cd79a_pad_2	Cd83_pad_4	100.000	10	0	0	1	10	47	38	0.87	20.3
Cd79a_pad_2	Cd83_pad_3	100.000	10	0	0	1	10	46	37	0.87	20.3
Cd79a_pad_2	Cd83_pad_2	100.000	10	0	0	1	10	46	37	0.87	20.3
Cd79a_pad_2	Cd83_pad_1	100.000	10	0	0	1	10	48	39	0.87	20.3
Cd79a_pad_2	Cd40_pad_6	100.000	10	0	0	1	10	47	38	0.87	20.3
Cd79a_pad_2	Cd40_pad_5	100.000	10	0	0	1	10	50	41	0.87	20.3
Cd79a_pad_2	Cd40_pad_4	100.000	10	0	0	1	10	49	40	0.87	20.3
Cd79a_pad_2	Cd40_pad_3	100.000	10	0	0	1	10	47	38	0.87	20.3
Cd79a_pad_2	Cd40_pad_2	100.000	10	0	0	1	10	48	39	0.87	20.3
Cd79a_pad_2	Cd40_pad_1	100.000	10	0	0	1	10	47	38	0.87	20.3
Cd79a_pad_3	Cd79a_pad_3	100.000	10	0	0	1	10	10	1	0.83	20.3
Cd79a_pad_5	Adgre1_pri_5	100.000	12	0	0	22	33	31	20	0.055	24.3
Cd79a_pad_6	Cd79a_pri_2	100.000	10	0	0	1	10	25	16	0.89	20.3
Ms4a1_pad_1	Ccl22_pad_3	100.000	10	0	0	7	16	24	15	0.87	20.3
Ms4a1_pad_1	Ccl17_pri_3	100.000	10	0	0	5	14	24	15	0.87	20.3
Ms4a1_pad_2	Hoxa9_pad_3	100.000	10	0	0	16	25	16	7	0.85	20.3
Ms4a1_pad_6	Bcl2_pad_5	100.000	10	0	0	12	21	30	21	0.91	20.3
Ms4a1_pad_6	Adgre1_pri_5	100.000	10	0	0	27	36	29	20	0.91	20.3
Cd22_pad_1	Ccr4_pad_6	100.000	11	0	0	2	12	35	25	0.22	22.3
Cd22_pad_2	Cd22_pri_6	100.000	12	0	0	1	12	25	14	0.058	24.3
Cd22_pad_3	Adgre1_pri_5	100.000	11	0	0	24	34	30	20	0.22	22.3
Cd22_pad_3	Hoxa9_pad_5	100.000	10	0	0	2	11	29	20	0.87	20.3
Cd22_pad_6	Cd28_pad_5	100.000	11	0	0	20	30	19	9	0.22	22.3
Cd22_pad_6	Cd22_pri_6	100.000	10	0	0	1	10	25	16	0.85	20.3
Bcl2_pad_2	Gfi1_pri_2	92.857	14	1	0	11	24	17	4	0.85	20.3
Bcl2_pad_4	H2-Aa_pad_1	92.857	14	1	0	26	39	34	21	0.87	20.3
Bcl2_pad_4	Hoxa9_pad_5	92.857	14	1	0	26	39	34	21	0.87	20.3
Bcl2_pad_4	Il2ra_pad_1	92.857	14	1	0	26	39	36	23	0.87	20.3
Bcl2_pad_5	Bcl2_pad_5	100.000	10	0	0	1	10	10	1	0.85	20.3
Bcl2_pad_5	Ms4a1_pad_6	100.000	10	0	0	21	30	21	12	0.85	20.3
Il7r_pad_6	Irf4_pad_4	92.857	14	1	0	28	41	35	22	0.91	20.3
Il7r_pad_6	Ets1_pad_4	92.857	14	1	0	28	41	36	23	0.91	20.3
Il7r_pad_6	Cd3g_pad_4	92.857	14	1	0	28	41	36	23	0.91	20.3
Il7r_pad_6	Il2ra_pad_2	92.857	14	1	0	28	41	39	26	0.91	20.3
Pdcd1_pad_6	H2-K1_pad_1	100.000	10	0	0	3	12	31	22	0.87	20.3
Pdcd1_pad_6	Pdcd1_pri_1	100.000	10	0	0	1	10	30	21	0.87	20.3
Xcr1_pad_1	Tcf7_pri_1	100.000	12	0	0	6	17	12	1	0.056	24.3
Xcr1_pad_4	Cd3e_pri_4	100.000	10	0	0	13	22	15	6	0.85	20.3
Xcr1_pad_5	Xcr1_pad_5	100.000	12	0	0	4	15	15	4	0.056	24.3
Xcr1_pad_6	Tcf7_pad_6	92.857	14	1	0	25	38	34	21	0.83	20.3
Xcr1_pad_6	Il2ra_pad_4	92.857	14	1	0	25	38	33	20	0.83	20.3
Irf8_pad_1	Tbx21_pad_5	100.000	10	0	0	33	42	30	21	0.89	20.3
Irf8_pad_1	Flt3_pri_3	100.000	10	0	0	32	41	15	6	0.89	20.3
Irf8_pad_2	Tbx21_pad_5	93.750	16	1	0	24	39	36	21	0.053	24.3
Irf8_pad_2	Flt3_pri_3	100.000	10	0	0	29	38	15	6	0.83	20.3
Irf8_pad_3	Tbx21_pad_5	100.000	10	0	0	32	41	30	21	0.87	20.3
Irf8_pad_3	Flt3_pri_3	100.000	10	0	0	31	40	15	6	0.87	20.3
Irf8_pad_4	Runx1_pad_6	100.000	12	0	0	14	25	44	33	0.057	24.3
Irf8_pad_4	Runx1_pad_5	100.000	12	0	0	14	25	43	32	0.057	24.3
Irf8_pad_4	Runx1_pad_4	100.000	12	0	0	14	25	46	35	0.057	24.3
Irf8_pad_4	Runx1_pad_3	100.000	12	0	0	14	25	45	34	0.057	24.3
Irf8_pad_4	Runx1_pad_2	100.000	12	0	0	14	25	48	37	0.057	24.3
Irf8_pad_4	Runx1_pad_1	100.000	12	0	0	14	25	47	36	0.057	24.3
Irf8_pad_4	Tbx21_pad_5	93.333	15	1	0	28	42	35	21	0.23	22.3
Irf8_pad_4	Flt3_pri_3	100.000	10	0	0	32	41	15	6	0.89	20.3
Irf8_pad_5	Tbx21_pad_5	100.000	10	0	0	30	39	30	21	0.83	20.3
Irf8_pad_5	Flt3_pri_3	100.000	10	0	0	29	38	15	6	0.83	20.3
Irf8_pad_6	Il2ra_pri_1	100.000	11	0	0	1	11	19	9	0.21	22.3
Irf8_pad_6	Tbx21_pad_5	100.000	10	0	0	30	39	30	21	0.83	20.3
Irf8_pad_6	Flt3_pri_3	100.000	10	0	0	29	38	15	6	0.83	20.3
Irf4_pad_1	Lyl1_pad_6	92.857	14	1	0	25	38	34	21	0.85	20.3
Irf4_pad_1	Hhex_pri_1	100.000	10	0	0	32	41	12	3	0.85	20.3
Irf4_pad_2	Hhex_pri_1	100.000	10	0	0	35	44	12	3	0.91	20.3
Irf4_pad_3	Irf4_pri_5	100.000	11	0	0	1	11	25	15	0.22	22.3
Irf4_pad_3	Hhex_pri_1	100.000	10	0	0	33	42	12	3	0.87	20.3
Irf4_pad_4	Tbx21_pad_5	93.750	16	1	0	21	36	40	25	0.055	24.3
Irf4_pad_4	Irf4_pri_5	100.000	12	0	0	1	12	25	14	0.055	24.3
Irf4_pad_4	Irf4_pad_4	93.333	15	1	0	23	37	37	23	0.22	22.3
Irf4_pad_4	Lyl1_pad_6	93.333	15	1	0	24	38	35	21	0.22	22.3
Irf4_pad_4	Il7r_pad_6	92.857	14	1	0	22	35	41	28	0.85	20.3
Irf4_pad_4	Itgam_pad_1	92.857	14	1	0	23	36	39	26	0.85	20.3
Irf4_pad_4	Tbx21_pad_6	92.857	14	1	0	21	34	39	26	0.85	20.3
Irf4_pad_4	Tbx21_pad_4	92.857	14	1	0	21	34	38	25	0.85	20.3
Irf4_pad_4	Tbx21_pad_2	92.857	14	1	0	21	34	39	26	0.85	20.3
Irf4_pad_4	Tcf3_pad_3	92.857	14	1	0	24	37	38	25	0.85	20.3
Irf4_pad_4	Hhex_pad_3	92.857	14	1	0	22	35	42	29	0.85	20.3
Irf4_pad_4	Ets1_pad_4	92.857	14	1	0	24	37	37	24	0.85	20.3
Irf4_pad_4	Gata3_pad_1	92.857	14	1	0	23	36	38	25	0.85	20.3
Irf4_pad_4	Rag1_pad_3	92.857	14	1	0	23	36	39	26	0.85	20.3
Irf4_pad_4	Cd3g_pad_4	92.857	14	1	0	24	37	37	24	0.85	20.3
Irf4_pad_4	Il2ra_pad_2	92.857	14	1	0	24	37	40	27	0.85	20.3
Irf4_pad_4	Hhex_pri_1	100.000	10	0	0	32	41	12	3	0.85	20.3
Irf4_pad_5	Hhex_pri_1	100.000	10	0	0	33	42	12	3	0.87	20.3
Irf4_pad_6	Hhex_pri_1	100.000	10	0	0	32	41	12	3	0.85	20.3
H2-Aa_pad_1	Lyl1_pad_6	93.333	15	1	0	21	35	37	23	0.21	22.3
H2-Aa_pad_1	Gata3_pad_1	93.333	15	1	0	23	37	37	23	0.21	22.3
H2-Aa_pad_1	Cd3d_pad_5	93.333	15	1	0	19	33	43	29	0.21	22.3
H2-Aa_pad_1	Cd3d_pad_4	93.333	15	1	0	19	33	41	27	0.21	22.3
H2-Aa_pad_1	Cd3d_pad_3	93.333	15	1	0	19	33	40	26	0.21	22.3
H2-Aa_pad_1	Cd3d_pad_2	93.333	15	1	0	19	33	45	31	0.21	22.3
H2-Aa_pad_1	Bcl2_pad_4	92.857	14	1	0	21	34	39	26	0.83	20.3
H2-Aa_pad_1	Il17a_pad_5	92.857	14	1	0	21	34	41	28	0.83	20.3
H2-Aa_pad_1	Tcf7_pad_6	92.857	14	1	0	22	35	37	24	0.83	20.3
H2-Aa_pad_1	Rag1_pad_3	92.857	14	1	0	23	36	38	25	0.83	20.3
H2-Aa_pad_1	Cd3g_pad_5	92.857	14	1	0	23	36	37	24	0.83	20.3
H2-Aa_pad_1	Cd3d_pad_6	100.000	10	0	0	19	28	39	30	0.83	20.3
H2-Aa_pad_1	Cd3d_pad_1	100.000	10	0	0	19	28	39	30	0.83	20.3
H2-Aa_pad_2	Adgre1_pri_5	100.000	12	0	0	23	34	31	20	0.056	24.3
H2-Aa_pad_2	Gata3_pad_1	92.857	14	1	0	26	39	36	23	0.87	20.3
H2-Aa_pad_3	Gata3_pad_1	92.857	14	1	0	24	37	36	23	0.83	20.3
H2-Aa_pad_4	Xcr1_pri_6	100.000	10	0	0	3	12	25	16	0.93	20.3
Cd40_pad_1	Cd79a_pad_2	100.000	10	0	0	38	47	10	1	0.85	20.3
Cd40_pad_2	Cd79a_pad_2	100.000	10	0	0	39	48	10	1	0.87	20.3
Cd40_pad_3	Cd79a_pad_2	100.000	10	0	0	38	47	10	1	0.85	20.3
Cd40_pad_4	Cd79a_pad_2	100.000	10	0	0	40	49	10	1	0.89	20.3
Cd40_pad_5	Cd79a_pad_2	100.000	10	0	0	41	50	10	1	0.91	20.3
Cd40_pad_6	Cd79a_pad_2	100.000	10	0	0	38	47	10	1	0.85	20.3
Cd83_pad_1	Cd83_pad_1	100.000	10	0	0	25	34	34	25	0.87	20.3
Cd83_pad_1	Cd79a_pad_2	100.000	10	0	0	39	48	10	1	0.87	20.3
Cd83_pad_2	Cd79a_pad_2	100.000	10	0	0	37	46	10	1	0.83	20.3
Cd83_pad_3	Cd79a_pad_2	100.000	10	0	0	37	46	10	1	0.83	20.3
Cd83_pad_3	Cd3e_pad_5	100.000	10	0	0	20	29	24	15	0.83	20.3
Cd83_pad_4	Adgre1_pad_2	93.333	15	1	0	19	33	24	10	0.22	22.3
Cd83_pad_4	Cd79a_pad_2	100.000	10	0	0	38	47	10	1	0.85	20.3
Cd83_pad_5	Cd79a_pad_2	100.000	10	0	0	41	50	10	1	0.91	20.3
Cd83_pad_5	Il2ra_pri_4	100.000	10	0	0	24	33	27	18	0.91	20.3
Cd83_pad_6	Cd83_pad_6	100.000	10	0	0	12	21	21	12	0.87	20.3
Cd83_pad_6	Cd79a_pad_2	100.000	10	0	0	39	48	10	1	0.87	20.3
Cd86_pad_1	Cd79a_pad_2	100.000	10	0	0	37	46	10	1	0.83	20.3
Cd86_pad_1	Il2ra_pri_1	100.000	10	0	0	31	40	16	7	0.83	20.3
Cd86_pad_2	Cd79a_pad_2	100.000	10	0	0	38	47	10	1	0.85	20.3
Cd86_pad_2	Il2ra_pri_1	100.000	10	0	0	32	41	16	7	0.85	20.3
Cd86_pad_3	Mef2c_pad_5	100.000	11	0	0	4	14	29	19	0.23	22.3
Cd86_pad_3	Cd79a_pad_2	100.000	10	0	0	41	50	10	1	0.91	20.3
Cd86_pad_3	Tcf3_pad_3	92.857	14	1	0	28	41	37	24	0.91	20.3
Cd86_pad_3	Il2ra_pri_1	100.000	10	0	0	35	44	16	7	0.91	20.3
Cd86_pad_4	Cd79a_pad_2	100.000	10	0	0	37	46	10	1	0.83	20.3
Cd86_pad_4	Tcf3_pad_3	92.857	14	1	0	24	37	37	24	0.83	20.3
Cd86_pad_4	Il2ra_pri_1	100.000	10	0	0	31	40	16	7	0.83	20.3
Cd86_pad_5	Cd79a_pad_2	100.000	10	0	0	43	52	10	1	0.95	20.3
Cd86_pad_5	Il2ra_pri_1	100.000	10	0	0	37	46	16	7	0.95	20.3
Cd86_pad_6	Cd79a_pad_2	100.000	10	0	0	40	49	10	1	0.89	20.3
Cd86_pad_6	Il2ra_pri_1	100.000	10	0	0	34	43	16	7	0.89	20.3
H2-K1_pad_1	Rag1_pad_3	93.750	16	1	0	27	42	37	22	0.057	24.3
H2-K1_pad_1	Cd79a_pad_2	100.000	11	0	0	39	49	11	1	0.23	22.3
H2-K1_pad_1	Pdcd1_pad_6	100.000	10	0	0	22	31	12	3	0.89	20.3
H2-K1_pad_2	Cd79a_pad_2	100.000	11	0	0	36	46	11	1	0.21	22.3
H2-K1_pad_2	Rag1_pad_3	93.333	15	1	0	25	39	36	22	0.21	22.3
H2-K1_pad_3	Cd79a_pad_2	100.000	11	0	0	36	46	11	1	0.21	22.3
H2-K1_pad_3	Rag1_pad_3	100.000	10	0	0	30	39	31	22	0.83	20.3
H2-K1_pad_4	Cd79a_pad_2	100.000	11	0	0	37	47	11	1	0.22	22.3
H2-K1_pad_4	Rag1_pad_3	100.000	10	0	0	31	40	31	22	0.85	20.3
Ccl22_pad_2	Ikzf1_pad_1	92.857	14	1	0	10	23	21	8	0.83	20.3
Ccl22_pad_3	Ms4a1_pad_1	100.000	10	0	0	15	24	16	7	0.87	20.3
Ccl22_pad_4	Ets1_pad_6	92.857	14	1	0	24	37	34	21	0.83	20.3
Ccl22_pad_6	Ets1_pad_6	92.857	14	1	0	25	38	34	21	0.85	20.3
Ccr4_pad_2	Ccr7_pri_3	100.000	10	0	0	22	31	27	18	0.83	20.3
Ccr4_pad_6	Cd22_pad_1	100.000	11	0	0	25	35	12	2	0.24	22.3
Ccr4_pad_6	Ccr4_pad_6	100.000	10	0	0	1	10	10	1	0.95	20.3
Ccr4_pad_6	Lef1_pri_5	100.000	10	0	0	23	32	24	15	0.95	20.3
Ccl25_pad_3	Hoxa9_pri_3	100.000	10	0	0	14	23	10	1	0.83	20.3
Ccl25_pad_4	Itgam_pad_1	100.000	10	0	0	11	20	16	7	0.87	20.3
Ccl25_pad_5	Tcf3_pad_4	100.000	13	0	0	6	18	25	13	0.014	26.3
