Cd3e_pri_6	Il7r_pri_2	100.000	12	0	0	17	28	20	9	0.028	24.3
Tcf7_pri_1	Xcr1_pad_1	100.000	12	0	0	1	12	17	6	0.028	24.3
Lyl1_pri_6	Cd22_pri_3	100.000	12	0	0	1	12	18	7	0.034	24.3
Lmo2_pri_6	Cd83_pri_2	100.000	13	0	0	4	16	18	6	0.008	26.3
Meis1_pri_2	Ifng_pad_1	100.000	12	0	0	12	23	15	4	0.029	24.3
Foxp3_pri_2	Cd79a_pad_2	100.000	12	0	0	3	14	21	10	0.028	24.3
Adgre1_pri_5	H2-Aa_pad_2	100.000	12	0	0	20	31	34	23	0.034	24.3
Adgre1_pri_5	Cd79a_pad_5	100.000	12	0	0	20	31	33	22	0.034	24.3
Adgre1_pri_5	Bcl11b_pad_2	100.000	12	0	0	20	31	32	21	0.034	24.3
Cd68_pri_1	Cd68_pri_1	100.000	16	0	0	13	28	28	13	1.15e-04	32.2
Itgax_pri_5	Itgax_pri_5	100.000	14	0	0	5	18	18	5	0.002	28.2
Itgam_pri_1	Tcf3_pad_3	100.000	12	0	0	11	22	21	10	0.029	24.3
Cd22_pri_3	Lyl1_pri_6	100.000	12	0	0	7	18	12	1	0.029	24.3
Cd22_pri_6	Cd22_pad_2	100.000	12	0	0	14	25	12	1	0.028	24.3
Il7r_pri_2	Cd3e_pri_6	100.000	12	0	0	9	20	28	17	0.035	24.3
Xcr1_pri_1	Ccr4_pri_2	100.000	12	0	0	19	30	31	20	0.031	24.3
Irf8_pri_4	Cd86_pri_3	100.000	12	0	0	21	32	30	19	0.031	24.3
Irf8_pri_5	Cd86_pri_3	100.000	13	0	0	20	32	31	19	0.008	26.3
Irf8_pri_6	Cd86_pri_3	100.000	12	0	0	20	31	30	19	0.029	24.3
Irf4_pri_5	Irf4_pad_4	100.000	12	0	0	14	25	12	1	0.028	24.3
Cd40_pri_1	Cd40_pri_1	100.000	14	0	0	10	23	23	10	0.002	28.2
Cd40_pri_1	Cd40_pri_1	100.000	12	0	0	19	30	30	19	0.033	24.3
Cd83_pri_2	Lmo2_pri_6	100.000	13	0	0	6	18	16	4	0.007	26.3
Cd86_pri_3	Irf8_pri_5	100.000	13	0	0	19	31	32	20	0.008	26.3
Cd86_pri_3	Irf8_pri_6	100.000	12	0	0	19	30	31	20	0.031	24.3
Cd86_pri_3	Irf8_pri_4	100.000	12	0	0	19	30	32	21	0.031	24.3
Ccl22_pri_1	Meis1_pad_4	100.000	12	0	0	13	24	25	14	0.031	24.3
Ccr4_pri_2	Xcr1_pri_1	100.000	12	0	0	20	31	30	19	0.029	24.3
Il2ra_pad_4	Il2ra_pad_4	94.118	17	1	0	21	37	37	21	0.014	26.3
Tcf3_pad_3	Runx1_pad_3	94.444	18	1	0	20	37	43	26	0.004	28.2
Tcf3_pad_3	Runx1_pad_2	94.444	18	1	0	20	37	46	29	0.004	28.2
Tcf3_pad_3	Runx1_pad_6	94.118	17	1	0	20	36	42	26	0.014	26.3
Tcf3_pad_3	Runx1_pad_4	94.118	17	1	0	20	36	44	28	0.014	26.3
Tcf3_pad_3	Runx1_pad_1	94.118	17	1	0	20	36	45	29	0.014	26.3
Tcf3_pad_4	Ccl25_pad_5	100.000	13	0	0	13	25	18	6	0.014	26.3
Runx1_pad_1	Tcf3_pad_3	94.118	17	1	0	29	45	36	20	0.015	26.3
Runx1_pad_2	Tcf3_pad_3	94.444	18	1	0	29	46	37	20	0.004	28.2
Runx1_pad_3	Tcf3_pad_3	94.444	18	1	0	26	43	37	20	0.004	28.2
Runx1_pad_4	Tcf3_pad_3	94.118	17	1	0	28	44	36	20	0.014	26.3
Runx1_pad_6	Tcf3_pad_3	94.118	17	1	0	26	42	36	20	0.014	26.3
Ccl25_pad_5	Tcf3_pad_4	100.000	13	0	0	6	18	25	13	0.014	26.3
